19-09-2015 10:33:48 - INFO: Using preprocessor settings from: "/home/b/bembenwi/script-generation/deeplocalizer_data/images/season_2014/cam1/20140801_1/psettings.json"
19-09-2015 10:33:48 - INFO: PREPROCESSOR: 
19-09-2015 10:33:48 - INFO: COMB_DIFF_SIZE: 15
19-09-2015 10:33:48 - INFO: COMB_ENABLED: 1
19-09-2015 10:33:48 - INFO: COMB_LINE_COLOR: 0
19-09-2015 10:33:48 - INFO: COMB_LINE_WIDTH: 9
19-09-2015 10:33:48 - INFO: COMB_MAX_SIZE: 112
19-09-2015 10:33:48 - INFO: COMB_MIN_SIZE: 78
19-09-2015 10:33:48 - INFO: COMB_THRESHOLD: 0.0236255
19-09-2015 10:33:48 - INFO: HONEY_AVERAGE_VALUE: 0.0217344
19-09-2015 10:33:48 - INFO: HONEY_ENABLED: 1
19-09-2015 10:33:48 - INFO: HONEY_FRAME_SIZE: 35
19-09-2015 10:33:48 - INFO: HONEY_STD_DEV: 0.0291057
19-09-2015 10:33:48 - INFO: OPT_AVERAGE_CONTRAST_VALUE: 254.98
19-09-2015 10:33:48 - INFO: OPT_FRAME_SIZE: 259
19-09-2015 10:33:48 - INFO: OPT_USE_CONTRAST_STRETCHING: 1
19-09-2015 10:33:48 - INFO: OPT_USE_EQUALIZE_HISTOGRAM: 0
19-09-2015 10:33:48 - INFO: Using localizer settings from: "/home/b/bembenwi/script-generation/deeplocalizer_data/images/season_2014/cam1/20140801_1/lsettings.json"
19-09-2015 10:33:48 - INFO: LOCALIZER: 
19-09-2015 10:33:48 - INFO: BINARY_THRESHOLD: 21
19-09-2015 10:33:48 - INFO: DEEPLOCALIZER_FILTER: 1
19-09-2015 10:33:48 - INFO: DEEPLOCALIZER_MODEL_FILE: /home/b/bembenwi/deeplocalizer_models/models/conv12_conv48_fc1024_fc_2/deploy.prototxt
19-09-2015 10:33:48 - INFO: DEEPLOCALIZER_PARAM_FILE: /home/b/bembenwi/deeplocalizer_models/models/conv12_conv48_fc1024_fc_2/model_iter_20000.caffemodel
19-09-2015 10:33:48 - INFO: DEEPLOCALIZER_PROBABILITY_THRESHOLD: 0.183815
19-09-2015 10:33:48 - INFO: EROSION_SIZE: 18
19-09-2015 10:33:48 - INFO: FIRST_DILATION_NUM_ITERATIONS: 1
19-09-2015 10:33:48 - INFO: FIRST_DILATION_SIZE: 6
19-09-2015 10:33:48 - INFO: MAX_NUM_PIXELS: 200
19-09-2015 10:33:48 - INFO: MIN_NUM_PIXELS: 1
19-09-2015 10:33:48 - INFO: SECOND_DILATION_SIZE: 2
19-09-2015 10:33:48 - INFO: TAG_SIZE: 100
19-09-2015 10:33:48 - INFO: Using ellipseFitter settings from: "/home/b/bembenwi/script-generation/deeplocalizer_data/images/season_2014/cam1/20140801_1/esettings.json"
19-09-2015 10:33:48 - INFO: ELLIPSEFITTER: 
19-09-2015 10:33:48 - INFO: CANNY_INITIAL_HIGH: 51
19-09-2015 10:33:48 - INFO: CANNY_MEAN_MAX: 13
19-09-2015 10:33:48 - INFO: CANNY_MEAN_MIN: 12
19-09-2015 10:33:48 - INFO: CANNY_VALUES_DISTANCE: 73
19-09-2015 10:33:48 - INFO: MAX_MAJOR_AXIS: 53
19-09-2015 10:33:48 - INFO: MAX_MINOR_AXIS: 70
19-09-2015 10:33:48 - INFO: MIN_MAJOR_AXIS: 20
19-09-2015 10:33:48 - INFO: MIN_MINOR_AXIS: 45
19-09-2015 10:33:48 - INFO: THRESHOLD_BEST_VOTE: 4000
19-09-2015 10:33:48 - INFO: THRESHOLD_EDGE_PIXELS: 39
19-09-2015 10:33:48 - INFO: THRESHOLD_VOTE: 500
19-09-2015 10:33:48 - INFO: USE_XIE_AS_FALLBACK: 1
19-09-2015 10:33:48 - INFO: Using gridFitter settings from: "/home/b/bembenwi/script-generation/deeplocalizer_data/images/season_2014/cam1/20140801_1/gsettings.json"
19-09-2015 10:33:48 - INFO: GRIDFITTER: 
19-09-2015 10:33:48 - INFO: ADAPTIVE_BLOCK_SIZE: 25
19-09-2015 10:33:48 - INFO: ADAPTIVE_C: 208.693
19-09-2015 10:33:48 - INFO: ALPHA: 64.7612
19-09-2015 10:33:48 - INFO: EPS_ANGLE: 10
19-09-2015 10:33:48 - INFO: EPS_POS: 1
19-09-2015 10:33:48 - INFO: EPS_SCALE: 2.39369
19-09-2015 10:33:48 - INFO: ERR_FUNC_ALPHA_INNER: 0
19-09-2015 10:33:48 - INFO: ERR_FUNC_ALPHA_INNER_EDGE: 1
19-09-2015 10:33:48 - INFO: ERR_FUNC_ALPHA_OUTER: 1
19-09-2015 10:33:48 - INFO: ERR_FUNC_ALPHA_OUTER_EDGE: 7.86046e-05
19-09-2015 10:33:48 - INFO: ERR_FUNC_ALPHA_VARIANCE: 0.55547
19-09-2015 10:33:48 - INFO: GRADIENT_ERROR_THRESHOLD: 0
19-09-2015 10:33:48 - INFO: GRADIENT_MAX_ITERATIONS: 100
19-09-2015 10:33:48 - INFO: GRADIENT_NUM_INITIAL: 6
19-09-2015 10:33:48 - INFO: GRADIENT_NUM_RESULTS: 3
