21-09-2015 07:59:42 - INFO: Using preprocessor settings from: "/home/b/bembenwi/script-generation/deeplocalizer_data/images/season_2014/cam3/20140812_1/psettings.json"
21-09-2015 07:59:42 - INFO: PREPROCESSOR: 
21-09-2015 07:59:42 - INFO: COMB_DIFF_SIZE: 15
21-09-2015 07:59:42 - INFO: COMB_ENABLED: 1
21-09-2015 07:59:42 - INFO: COMB_LINE_COLOR: 0
21-09-2015 07:59:42 - INFO: COMB_LINE_WIDTH: 9
21-09-2015 07:59:42 - INFO: COMB_MAX_SIZE: 49
21-09-2015 07:59:42 - INFO: COMB_MIN_SIZE: 69
21-09-2015 07:59:42 - INFO: COMB_THRESHOLD: 188.987
21-09-2015 07:59:42 - INFO: HONEY_AVERAGE_VALUE: 150.79
21-09-2015 07:59:42 - INFO: HONEY_ENABLED: 1
21-09-2015 07:59:42 - INFO: HONEY_FRAME_SIZE: 50
21-09-2015 07:59:42 - INFO: HONEY_STD_DEV: 222.887
21-09-2015 07:59:42 - INFO: OPT_AVERAGE_CONTRAST_VALUE: 199.091
21-09-2015 07:59:42 - INFO: OPT_FRAME_SIZE: 258
21-09-2015 07:59:42 - INFO: OPT_USE_CONTRAST_STRETCHING: 1
21-09-2015 07:59:42 - INFO: OPT_USE_EQUALIZE_HISTOGRAM: 0
21-09-2015 07:59:42 - INFO: Using localizer settings from: "/home/b/bembenwi/script-generation/deeplocalizer_data/images/season_2014/cam3/20140812_1/lsettings.json"
21-09-2015 07:59:42 - INFO: LOCALIZER: 
21-09-2015 07:59:42 - INFO: BINARY_THRESHOLD: 27
21-09-2015 07:59:42 - INFO: DEEPLOCALIZER_FILTER: 1
21-09-2015 07:59:42 - INFO: DEEPLOCALIZER_MODEL_FILE: /home/b/bembenwi/deeplocalizer_models/models/conv12_conv48_fc1024_fc_2/deploy.prototxt
21-09-2015 07:59:42 - INFO: DEEPLOCALIZER_PARAM_FILE: /home/b/bembenwi/deeplocalizer_models/models/conv12_conv48_fc1024_fc_2/model_iter_20000.caffemodel
21-09-2015 07:59:42 - INFO: DEEPLOCALIZER_PROBABILITY_THRESHOLD: 0.102477
21-09-2015 07:59:42 - INFO: EROSION_SIZE: 20
21-09-2015 07:59:42 - INFO: FIRST_DILATION_NUM_ITERATIONS: 1
21-09-2015 07:59:42 - INFO: FIRST_DILATION_SIZE: 8
21-09-2015 07:59:42 - INFO: MAX_NUM_PIXELS: 200
21-09-2015 07:59:42 - INFO: MIN_NUM_PIXELS: 43
21-09-2015 07:59:42 - INFO: SECOND_DILATION_SIZE: 2
21-09-2015 07:59:42 - INFO: TAG_SIZE: 100
21-09-2015 07:59:42 - INFO: Using ellipseFitter settings from: "/home/b/bembenwi/script-generation/deeplocalizer_data/images/season_2014/cam3/20140812_1/esettings.json"
21-09-2015 07:59:42 - INFO: ELLIPSEFITTER: 
21-09-2015 07:59:42 - INFO: CANNY_INITIAL_HIGH: 25
21-09-2015 07:59:42 - INFO: CANNY_MEAN_MAX: 30
21-09-2015 07:59:42 - INFO: CANNY_MEAN_MIN: 5
21-09-2015 07:59:42 - INFO: CANNY_VALUES_DISTANCE: 51
21-09-2015 07:59:42 - INFO: MAX_MAJOR_AXIS: 46
21-09-2015 07:59:42 - INFO: MAX_MINOR_AXIS: 46
21-09-2015 07:59:42 - INFO: MIN_MAJOR_AXIS: 23
21-09-2015 07:59:42 - INFO: MIN_MINOR_AXIS: 45
21-09-2015 07:59:42 - INFO: THRESHOLD_BEST_VOTE: 3090
21-09-2015 07:59:42 - INFO: THRESHOLD_EDGE_PIXELS: 15
21-09-2015 07:59:42 - INFO: THRESHOLD_VOTE: 1400
21-09-2015 07:59:42 - INFO: USE_XIE_AS_FALLBACK: 1
21-09-2015 07:59:42 - INFO: Using gridFitter settings from: "/home/b/bembenwi/script-generation/deeplocalizer_data/images/season_2014/cam3/20140812_1/gsettings.json"
21-09-2015 07:59:42 - INFO: GRIDFITTER: 
21-09-2015 07:59:42 - INFO: ADAPTIVE_BLOCK_SIZE: 61
21-09-2015 07:59:42 - INFO: ADAPTIVE_C: 255
21-09-2015 07:59:42 - INFO: ALPHA: 100
21-09-2015 07:59:42 - INFO: EPS_ANGLE: 2.22507e-308
21-09-2015 07:59:42 - INFO: EPS_POS: 1
21-09-2015 07:59:42 - INFO: EPS_SCALE: 4.775
21-09-2015 07:59:42 - INFO: ERR_FUNC_ALPHA_INNER: 0.306049
21-09-2015 07:59:42 - INFO: ERR_FUNC_ALPHA_INNER_EDGE: 0.629239
21-09-2015 07:59:42 - INFO: ERR_FUNC_ALPHA_OUTER: 0.764631
21-09-2015 07:59:42 - INFO: ERR_FUNC_ALPHA_OUTER_EDGE: 0
21-09-2015 07:59:42 - INFO: ERR_FUNC_ALPHA_VARIANCE: 0.510437
21-09-2015 07:59:42 - INFO: GRADIENT_ERROR_THRESHOLD: 0
21-09-2015 07:59:42 - INFO: GRADIENT_MAX_ITERATIONS: 100
21-09-2015 07:59:42 - INFO: GRADIENT_NUM_INITIAL: 6
21-09-2015 07:59:42 - INFO: GRADIENT_NUM_RESULTS: 3
